<?xml version="1.0" encoding="UTF-8"?>
<coverage generated="1754765533042" clover="3.2.0">
  <project timestamp="1754765533042" name="All files">
    <metrics statements="99" coveredstatements="78" conditionals="55" coveredconditionals="40" methods="14" coveredmethods="13" elements="168" coveredelements="131" complexity="0" loc="99" ncloc="99" packages="1" files="1" classes="1"/>
    <file name="test-server.js" path="C:\Projects\arceyvargas\arceyvargas-system\test-server.js">
      <metrics statements="99" coveredstatements="78" conditionals="55" coveredconditionals="40" methods="14" coveredmethods="13"/>
      <line num="1" count="1" type="stmt"/>
      <line num="2" count="1" type="stmt"/>
      <line num="5" count="1" type="stmt"/>
      <line num="6" count="1" type="stmt"/>
      <line num="9" count="1" type="stmt"/>
      <line num="16" count="1" type="stmt"/>
      <line num="24" count="1" type="stmt"/>
      <line num="25" count="8" type="stmt"/>
      <line num="29" count="1" type="stmt"/>
      <line num="30" count="12" type="stmt"/>
      <line num="37" count="12" type="cond" truecount="1" falsecount="1"/>
      <line num="38" count="27" type="stmt"/>
      <line num="40" count="12" type="cond" truecount="2" falsecount="0"/>
      <line num="41" count="4" type="stmt"/>
      <line num="45" count="8" type="cond" truecount="4" falsecount="1"/>
      <line num="46" count="0" type="stmt"/>
      <line num="49" count="8" type="cond" truecount="4" falsecount="1"/>
      <line num="50" count="0" type="stmt"/>
      <line num="53" count="8" type="cond" truecount="2" falsecount="0"/>
      <line num="54" count="2" type="cond" truecount="1" falsecount="1"/>
      <line num="55" count="0" type="stmt"/>
      <line num="57" count="2" type="cond" truecount="1" falsecount="1"/>
      <line num="58" count="0" type="stmt"/>
      <line num="62" count="8" type="stmt"/>
      <line num="66" count="1" type="stmt"/>
      <line num="67" count="4" type="stmt"/>
      <line num="70" count="4" type="stmt"/>
      <line num="71" count="4" type="stmt"/>
      <line num="72" count="4" type="stmt"/>
      <line num="73" count="4" type="stmt"/>
      <line num="75" count="0" type="stmt"/>
      <line num="80" count="4" type="stmt"/>
      <line num="81" count="24" type="stmt"/>
      <line num="82" count="24" type="stmt"/>
      <line num="84" count="24" type="cond" truecount="5" falsecount="0"/>
      <line num="85" count="4" type="stmt"/>
      <line num="88" count="20" type="stmt"/>
      <line num="89" count="20" type="cond" truecount="2" falsecount="0"/>
      <line num="90" count="8" type="stmt"/>
      <line num="92" count="12" type="stmt"/>
      <line num="94" count="0" type="stmt"/>
      <line num="99" count="4" type="stmt"/>
      <line num="100" count="12" type="stmt"/>
      <line num="101" count="12" type="stmt"/>
      <line num="102" count="12" type="cond" truecount="2" falsecount="0"/>
      <line num="103" count="4" type="stmt"/>
      <line num="106" count="8" type="stmt"/>
      <line num="107" count="8" type="stmt"/>
      <line num="114" count="8" type="stmt"/>
      <line num="115" count="8" type="stmt"/>
      <line num="117" count="0" type="stmt"/>
      <line num="118" count="0" type="stmt"/>
      <line num="123" count="4" type="stmt"/>
      <line num="124" count="8" type="stmt"/>
      <line num="125" count="8" type="stmt"/>
      <line num="127" count="8" type="cond" truecount="4" falsecount="1"/>
      <line num="128" count="0" type="stmt"/>
      <line num="131" count="8" type="stmt"/>
      <line num="132" count="8" type="cond" truecount="2" falsecount="0"/>
      <line num="133" count="4" type="stmt"/>
      <line num="137" count="4" type="cond" truecount="1" falsecount="1"/>
      <line num="138" count="0" type="stmt"/>
      <line num="141" count="4" type="stmt"/>
      <line num="148" count="4" type="stmt"/>
      <line num="149" count="4" type="stmt"/>
      <line num="151" count="0" type="stmt"/>
      <line num="152" count="0" type="stmt"/>
      <line num="157" count="4" type="stmt"/>
      <line num="158" count="12" type="stmt"/>
      <line num="159" count="12" type="stmt"/>
      <line num="161" count="12" type="cond" truecount="4" falsecount="1"/>
      <line num="162" count="0" type="stmt"/>
      <line num="165" count="12" type="stmt"/>
      <line num="166" count="12" type="cond" truecount="2" falsecount="0"/>
      <line num="167" count="4" type="stmt"/>
      <line num="170" count="8" type="stmt"/>
      <line num="171" count="8" type="stmt"/>
      <line num="176" count="0" type="stmt"/>
      <line num="177" count="0" type="stmt"/>
      <line num="181" count="4" type="stmt"/>
      <line num="185" count="1" type="stmt"/>
      <line num="186" count="1" type="stmt"/>
      <line num="187" count="4" type="stmt"/>
      <line num="191" count="1" type="stmt"/>
      <line num="192" count="1" type="stmt"/>
      <line num="201" count="1" type="stmt"/>
      <line num="202" count="1" type="stmt"/>
      <line num="210" count="1" type="stmt"/>
      <line num="211" count="1" type="stmt"/>
      <line num="213" count="1" type="cond" truecount="1" falsecount="1"/>
      <line num="214" count="1" type="stmt"/>
      <line num="217" count="0" type="stmt"/>
      <line num="224" count="1" type="cond" truecount="1" falsecount="1"/>
      <line num="225" count="0" type="cond" truecount="0" falsecount="2"/>
      <line num="226" count="0" type="stmt"/>
      <line num="227" count="0" type="stmt"/>
      <line num="228" count="0" type="stmt"/>
      <line num="229" count="0" type="stmt"/>
      <line num="233" count="1" type="stmt"/>
    </file>
  </project>
</coverage>
