{"C:\\Projects\\arceyvargas\\arceyvargas-system\\test-server.js": {"path":"C:\\Projects\\arceyvargas\\arceyvargas-system\\test-server.js","statementMap":{"0":{"start":{"line":1,"column":16},"end":{"line":1,"column":34}},"1":{"start":{"line":2,"column":12},"end":{"line":2,"column":21}},"2":{"start":{"line":5,"column":0},"end":{"line":5,"column":24}},"3":{"start":{"line":6,"column":0},"end":{"line":6,"column":48}},"4":{"start":{"line":9,"column":17},"end":{"line":14,"column":1}},"5":{"start":{"line":16,"column":17},"end":{"line":21,"column":1}},"6":{"start":{"line":24,"column":19},"end":{"line":26,"column":1}},"7":{"start":{"line":25,"column":2},"end":{"line":25,"column":43}},"8":{"start":{"line":29,"column":21},"end":{"line":63,"column":1}},"9":{"start":{"line":30,"column":25},"end":{"line":35,"column":3}},"10":{"start":{"line":37,"column":19},"end":{"line":37,"column":47}},"11":{"start":{"line":38,"column":18},"end":{"line":38,"column":56}},"12":{"start":{"line":38,"column":43},"end":{"line":38,"column":55}},"13":{"start":{"line":40,"column":2},"end":{"line":42,"column":3}},"14":{"start":{"line":41,"column":4},"end":{"line":41,"column":81}},"15":{"start":{"line":45,"column":2},"end":{"line":47,"column":3}},"16":{"start":{"line":46,"column":4},"end":{"line":46,"column":55}},"17":{"start":{"line":49,"column":2},"end":{"line":51,"column":3}},"18":{"start":{"line":50,"column":4},"end":{"line":50,"column":66}},"19":{"start":{"line":53,"column":2},"end":{"line":60,"column":3}},"20":{"start":{"line":54,"column":4},"end":{"line":56,"column":5}},"21":{"start":{"line":55,"column":6},"end":{"line":55,"column":86}},"22":{"start":{"line":57,"column":4},"end":{"line":59,"column":5}},"23":{"start":{"line":58,"column":6},"end":{"line":58,"column":67}},"24":{"start":{"line":62,"column":2},"end":{"line":62,"column":25}},"25":{"start":{"line":66,"column":25},"end":{"line":182,"column":1}},"26":{"start":{"line":67,"column":17},"end":{"line":67,"column":33}},"27":{"start":{"line":70,"column":2},"end":{"line":77,"column":5}},"28":{"start":{"line":71,"column":4},"end":{"line":76,"column":5}},"29":{"start":{"line":72,"column":22},"end":{"line":72,"column":63}},"30":{"start":{"line":73,"column":6},"end":{"line":73,"column":24}},"31":{"start":{"line":75,"column":6},"end":{"line":75,"column":68}},"32":{"start":{"line":80,"column":2},"end":{"line":96,"column":5}},"33":{"start":{"line":81,"column":4},"end":{"line":95,"column":5}},"34":{"start":{"line":82,"column":21},"end":{"line":82,"column":31}},"35":{"start":{"line":84,"column":6},"end":{"line":86,"column":7}},"36":{"start":{"line":85,"column":8},"end":{"line":85,"column":73}},"37":{"start":{"line":88,"column":21},"end":{"line":88,"column":49}},"38":{"start":{"line":89,"column":6},"end":{"line":91,"column":7}},"39":{"start":{"line":90,"column":8},"end":{"line":90,"column":87}},"40":{"start":{"line":92,"column":6},"end":{"line":92,"column":23}},"41":{"start":{"line":94,"column":6},"end":{"line":94,"column":68}},"42":{"start":{"line":99,"column":2},"end":{"line":120,"column":5}},"43":{"start":{"line":100,"column":4},"end":{"line":119,"column":5}},"44":{"start":{"line":101,"column":25},"end":{"line":101,"column":59}},"45":{"start":{"line":102,"column":6},"end":{"line":104,"column":7}},"46":{"start":{"line":103,"column":8},"end":{"line":103,"column":67}},"47":{"start":{"line":106,"column":17},"end":{"line":106,"column":39}},"48":{"start":{"line":107,"column":21},"end":{"line":112,"column":7}},"49":{"start":{"line":114,"column":6},"end":{"line":114,"column":43}},"50":{"start":{"line":115,"column":6},"end":{"line":115,"column":35}},"51":{"start":{"line":117,"column":6},"end":{"line":117,"column":45}},"52":{"start":{"line":118,"column":6},"end":{"line":118,"column":65}},"53":{"start":{"line":123,"column":2},"end":{"line":154,"column":5}},"54":{"start":{"line":124,"column":4},"end":{"line":153,"column":5}},"55":{"start":{"line":125,"column":21},"end":{"line":125,"column":31}},"56":{"start":{"line":127,"column":6},"end":{"line":129,"column":7}},"57":{"start":{"line":128,"column":8},"end":{"line":128,"column":73}},"58":{"start":{"line":131,"column":29},"end":{"line":131,"column":57}},"59":{"start":{"line":132,"column":6},"end":{"line":134,"column":7}},"60":{"start":{"line":133,"column":8},"end":{"line":133,"column":87}},"61":{"start":{"line":137,"column":6},"end":{"line":139,"column":7}},"62":{"start":{"line":138,"column":8},"end":{"line":138,"column":87}},"63":{"start":{"line":141,"column":28},"end":{"line":146,"column":7}},"64":{"start":{"line":148,"column":6},"end":{"line":148,"column":50}},"65":{"start":{"line":149,"column":6},"end":{"line":149,"column":30}},"66":{"start":{"line":151,"column":6},"end":{"line":151,"column":44}},"67":{"start":{"line":152,"column":6},"end":{"line":152,"column":70}},"68":{"start":{"line":157,"column":2},"end":{"line":179,"column":5}},"69":{"start":{"line":158,"column":4},"end":{"line":178,"column":5}},"70":{"start":{"line":159,"column":21},"end":{"line":159,"column":31}},"71":{"start":{"line":161,"column":6},"end":{"line":163,"column":7}},"72":{"start":{"line":162,"column":8},"end":{"line":162,"column":73}},"73":{"start":{"line":165,"column":29},"end":{"line":165,"column":57}},"74":{"start":{"line":166,"column":6},"end":{"line":168,"column":7}},"75":{"start":{"line":167,"column":8},"end":{"line":167,"column":87}},"76":{"start":{"line":170,"column":6},"end":{"line":170,"column":38}},"77":{"start":{"line":171,"column":6},"end":{"line":174,"column":9}},"78":{"start":{"line":176,"column":6},"end":{"line":176,"column":47}},"79":{"start":{"line":177,"column":6},"end":{"line":177,"column":68}},"80":{"start":{"line":181,"column":2},"end":{"line":181,"column":16}},"81":{"start":{"line":185,"column":17},"end":{"line":185,"column":70}},"82":{"start":{"line":186,"column":0},"end":{"line":188,"column":3}},"83":{"start":{"line":187,"column":2},"end":{"line":187,"column":50}},"84":{"start":{"line":191,"column":0},"end":{"line":198,"column":3}},"85":{"start":{"line":192,"column":2},"end":{"line":197,"column":5}},"86":{"start":{"line":201,"column":0},"end":{"line":207,"column":3}},"87":{"start":{"line":202,"column":2},"end":{"line":206,"column":5}},"88":{"start":{"line":210,"column":0},"end":{"line":221,"column":3}},"89":{"start":{"line":211,"column":2},"end":{"line":211,"column":31}},"90":{"start":{"line":213,"column":2},"end":{"line":215,"column":3}},"91":{"start":{"line":214,"column":4},"end":{"line":214,"column":60}},"92":{"start":{"line":217,"column":2},"end":{"line":220,"column":5}},"93":{"start":{"line":224,"column":0},"end":{"line":231,"column":1}},"94":{"start":{"line":225,"column":15},"end":{"line":225,"column":39}},"95":{"start":{"line":226,"column":2},"end":{"line":230,"column":5}},"96":{"start":{"line":227,"column":4},"end":{"line":227,"column":59}},"97":{"start":{"line":228,"column":4},"end":{"line":228,"column":68}},"98":{"start":{"line":229,"column":4},"end":{"line":229,"column":68}},"99":{"start":{"line":233,"column":0},"end":{"line":233,"column":21}}},"fnMap":{"0":{"name":"(anonymous_0)","decl":{"start":{"line":24,"column":19},"end":{"line":24,"column":20}},"loc":{"start":{"line":24,"column":31},"end":{"line":26,"column":1}},"line":24},"1":{"name":"(anonymous_1)","decl":{"start":{"line":29,"column":21},"end":{"line":29,"column":22}},"loc":{"start":{"line":29,"column":39},"end":{"line":63,"column":1}},"line":29},"2":{"name":"(anonymous_2)","decl":{"start":{"line":38,"column":34},"end":{"line":38,"column":35}},"loc":{"start":{"line":38,"column":43},"end":{"line":38,"column":55}},"line":38},"3":{"name":"(anonymous_3)","decl":{"start":{"line":66,"column":25},"end":{"line":66,"column":26}},"loc":{"start":{"line":66,"column":41},"end":{"line":182,"column":1}},"line":66},"4":{"name":"(anonymous_4)","decl":{"start":{"line":70,"column":18},"end":{"line":70,"column":19}},"loc":{"start":{"line":70,"column":32},"end":{"line":77,"column":3}},"line":70},"5":{"name":"(anonymous_5)","decl":{"start":{"line":80,"column":21},"end":{"line":80,"column":22}},"loc":{"start":{"line":80,"column":35},"end":{"line":96,"column":3}},"line":80},"6":{"name":"(anonymous_6)","decl":{"start":{"line":99,"column":19},"end":{"line":99,"column":20}},"loc":{"start":{"line":99,"column":33},"end":{"line":120,"column":3}},"line":99},"7":{"name":"(anonymous_7)","decl":{"start":{"line":123,"column":21},"end":{"line":123,"column":22}},"loc":{"start":{"line":123,"column":35},"end":{"line":154,"column":3}},"line":123},"8":{"name":"(anonymous_8)","decl":{"start":{"line":157,"column":24},"end":{"line":157,"column":25}},"loc":{"start":{"line":157,"column":38},"end":{"line":179,"column":3}},"line":157},"9":{"name":"(anonymous_9)","decl":{"start":{"line":186,"column":17},"end":{"line":186,"column":18}},"loc":{"start":{"line":186,"column":27},"end":{"line":188,"column":1}},"line":186},"10":{"name":"(anonymous_10)","decl":{"start":{"line":191,"column":19},"end":{"line":191,"column":20}},"loc":{"start":{"line":191,"column":33},"end":{"line":198,"column":1}},"line":191},"11":{"name":"(anonymous_11)","decl":{"start":{"line":201,"column":8},"end":{"line":201,"column":9}},"loc":{"start":{"line":201,"column":22},"end":{"line":207,"column":1}},"line":201},"12":{"name":"(anonymous_12)","decl":{"start":{"line":210,"column":8},"end":{"line":210,"column":9}},"loc":{"start":{"line":210,"column":33},"end":{"line":221,"column":1}},"line":210},"13":{"name":"(anonymous_13)","decl":{"start":{"line":226,"column":19},"end":{"line":226,"column":20}},"loc":{"start":{"line":226,"column":25},"end":{"line":230,"column":3}},"line":226}},"branchMap":{"0":{"loc":{"start":{"line":37,"column":19},"end":{"line":37,"column":47}},"type":"binary-expr","locations":[{"start":{"line":37,"column":19},"end":{"line":37,"column":41}},{"start":{"line":37,"column":45},"end":{"line":37,"column":47}}],"line":37},"1":{"loc":{"start":{"line":40,"column":2},"end":{"line":42,"column":3}},"type":"if","locations":[{"start":{"line":40,"column":2},"end":{"line":42,"column":3}},{"start":{},"end":{}}],"line":40},"2":{"loc":{"start":{"line":45,"column":2},"end":{"line":47,"column":3}},"type":"if","locations":[{"start":{"line":45,"column":2},"end":{"line":47,"column":3}},{"start":{},"end":{}}],"line":45},"3":{"loc":{"start":{"line":45,"column":6},"end":{"line":45,"column":70}},"type":"binary-expr","locations":[{"start":{"line":45,"column":6},"end":{"line":45,"column":27}},{"start":{"line":45,"column":31},"end":{"line":45,"column":41}},{"start":{"line":45,"column":45},"end":{"line":45,"column":70}}],"line":45},"4":{"loc":{"start":{"line":49,"column":2},"end":{"line":51,"column":3}},"type":"if","locations":[{"start":{"line":49,"column":2},"end":{"line":51,"column":3}},{"start":{},"end":{}}],"line":49},"5":{"loc":{"start":{"line":49,"column":6},"end":{"line":49,"column":96}},"type":"binary-expr","locations":[{"start":{"line":49,"column":6},"end":{"line":49,"column":47}},{"start":{"line":49,"column":51},"end":{"line":49,"column":62}},{"start":{"line":49,"column":66},"end":{"line":49,"column":96}}],"line":49},"6":{"loc":{"start":{"line":53,"column":2},"end":{"line":60,"column":3}},"type":"if","locations":[{"start":{"line":53,"column":2},"end":{"line":60,"column":3}},{"start":{},"end":{}}],"line":53},"7":{"loc":{"start":{"line":54,"column":4},"end":{"line":56,"column":5}},"type":"if","locations":[{"start":{"line":54,"column":4},"end":{"line":56,"column":5}},{"start":{},"end":{}}],"line":54},"8":{"loc":{"start":{"line":57,"column":4},"end":{"line":59,"column":5}},"type":"if","locations":[{"start":{"line":57,"column":4},"end":{"line":59,"column":5}},{"start":{},"end":{}}],"line":57},"9":{"loc":{"start":{"line":84,"column":6},"end":{"line":86,"column":7}},"type":"if","locations":[{"start":{"line":84,"column":6},"end":{"line":86,"column":7}},{"start":{},"end":{}}],"line":84},"10":{"loc":{"start":{"line":84,"column":10},"end":{"line":84,"column":53}},"type":"binary-expr","locations":[{"start":{"line":84,"column":10},"end":{"line":84,"column":13}},{"start":{"line":84,"column":17},"end":{"line":84,"column":33}},{"start":{"line":84,"column":37},"end":{"line":84,"column":53}}],"line":84},"11":{"loc":{"start":{"line":89,"column":6},"end":{"line":91,"column":7}},"type":"if","locations":[{"start":{"line":89,"column":6},"end":{"line":91,"column":7}},{"start":{},"end":{}}],"line":89},"12":{"loc":{"start":{"line":102,"column":6},"end":{"line":104,"column":7}},"type":"if","locations":[{"start":{"line":102,"column":6},"end":{"line":104,"column":7}},{"start":{},"end":{}}],"line":102},"13":{"loc":{"start":{"line":127,"column":6},"end":{"line":129,"column":7}},"type":"if","locations":[{"start":{"line":127,"column":6},"end":{"line":129,"column":7}},{"start":{},"end":{}}],"line":127},"14":{"loc":{"start":{"line":127,"column":10},"end":{"line":127,"column":53}},"type":"binary-expr","locations":[{"start":{"line":127,"column":10},"end":{"line":127,"column":13}},{"start":{"line":127,"column":17},"end":{"line":127,"column":33}},{"start":{"line":127,"column":37},"end":{"line":127,"column":53}}],"line":127},"15":{"loc":{"start":{"line":132,"column":6},"end":{"line":134,"column":7}},"type":"if","locations":[{"start":{"line":132,"column":6},"end":{"line":134,"column":7}},{"start":{},"end":{}}],"line":132},"16":{"loc":{"start":{"line":137,"column":6},"end":{"line":139,"column":7}},"type":"if","locations":[{"start":{"line":137,"column":6},"end":{"line":139,"column":7}},{"start":{},"end":{}}],"line":137},"17":{"loc":{"start":{"line":161,"column":6},"end":{"line":163,"column":7}},"type":"if","locations":[{"start":{"line":161,"column":6},"end":{"line":163,"column":7}},{"start":{},"end":{}}],"line":161},"18":{"loc":{"start":{"line":161,"column":10},"end":{"line":161,"column":53}},"type":"binary-expr","locations":[{"start":{"line":161,"column":10},"end":{"line":161,"column":13}},{"start":{"line":161,"column":17},"end":{"line":161,"column":33}},{"start":{"line":161,"column":37},"end":{"line":161,"column":53}}],"line":161},"19":{"loc":{"start":{"line":166,"column":6},"end":{"line":168,"column":7}},"type":"if","locations":[{"start":{"line":166,"column":6},"end":{"line":168,"column":7}},{"start":{},"end":{}}],"line":166},"20":{"loc":{"start":{"line":196,"column":17},"end":{"line":196,"column":54}},"type":"binary-expr","locations":[{"start":{"line":196,"column":17},"end":{"line":196,"column":37}},{"start":{"line":196,"column":41},"end":{"line":196,"column":54}}],"line":196},"21":{"loc":{"start":{"line":213,"column":2},"end":{"line":215,"column":3}},"type":"if","locations":[{"start":{"line":213,"column":2},"end":{"line":215,"column":3}},{"start":{},"end":{}}],"line":213},"22":{"loc":{"start":{"line":219,"column":13},"end":{"line":219,"column":77}},"type":"cond-expr","locations":[{"start":{"line":219,"column":54},"end":{"line":219,"column":65}},{"start":{"line":219,"column":68},"end":{"line":219,"column":77}}],"line":219},"23":{"loc":{"start":{"line":224,"column":0},"end":{"line":231,"column":1}},"type":"if","locations":[{"start":{"line":224,"column":0},"end":{"line":231,"column":1}},{"start":{},"end":{}}],"line":224},"24":{"loc":{"start":{"line":225,"column":15},"end":{"line":225,"column":39}},"type":"binary-expr","locations":[{"start":{"line":225,"column":15},"end":{"line":225,"column":31}},{"start":{"line":225,"column":35},"end":{"line":225,"column":39}}],"line":225}},"s":{"0":1,"1":1,"2":1,"3":1,"4":1,"5":1,"6":1,"7":8,"8":1,"9":12,"10":12,"11":12,"12":27,"13":12,"14":4,"15":8,"16":0,"17":8,"18":0,"19":8,"20":2,"21":0,"22":2,"23":0,"24":8,"25":1,"26":4,"27":4,"28":4,"29":4,"30":4,"31":0,"32":4,"33":24,"34":24,"35":24,"36":4,"37":20,"38":20,"39":8,"40":12,"41":0,"42":4,"43":12,"44":12,"45":12,"46":4,"47":8,"48":8,"49":8,"50":8,"51":0,"52":0,"53":4,"54":8,"55":8,"56":8,"57":0,"58":8,"59":8,"60":4,"61":4,"62":0,"63":4,"64":4,"65":4,"66":0,"67":0,"68":4,"69":12,"70":12,"71":12,"72":0,"73":12,"74":12,"75":4,"76":8,"77":8,"78":0,"79":0,"80":4,"81":1,"82":1,"83":4,"84":1,"85":1,"86":1,"87":1,"88":1,"89":1,"90":1,"91":1,"92":0,"93":1,"94":0,"95":0,"96":0,"97":0,"98":0,"99":1},"f":{"0":8,"1":12,"2":27,"3":4,"4":4,"5":24,"6":12,"7":8,"8":12,"9":4,"10":1,"11":1,"12":1,"13":0},"b":{"0":[12,0],"1":[4,8],"2":[0,8],"3":[8,2,2],"4":[0,8],"5":[8,4,4],"6":[2,6],"7":[0,2],"8":[0,2],"9":[4,20],"10":[24,24,20],"11":[8,12],"12":[4,8],"13":[0,8],"14":[8,8,8],"15":[4,4],"16":[0,4],"17":[0,12],"18":[12,12,12],"19":[4,8],"20":[1,0],"21":[1,0],"22":[0,0],"23":[0,1],"24":[0,0]},"_coverageSchema":"1a1c01bbd47fc00a2c39e90264f33305004495a9","hash":"971ac81750b120450fa84c754962008d5677be5a"}
}
