TN:
SF:test-server.js
FN:24,(anonymous_0)
FN:29,(anonymous_1)
FN:38,(anonymous_2)
FN:66,(anonymous_3)
FN:70,(anonymous_4)
FN:80,(anonymous_5)
FN:99,(anonymous_6)
FN:123,(anonymous_7)
FN:157,(anonymous_8)
FN:186,(anonymous_9)
FN:191,(anonymous_10)
FN:201,(anonymous_11)
FN:210,(anonymous_12)
FN:226,(anonymous_13)
FNF:14
FNH:13
FNDA:8,(anonymous_0)
FNDA:12,(anonymous_1)
FNDA:27,(anonymous_2)
FNDA:4,(anonymous_3)
FNDA:4,(anonymous_4)
FNDA:24,(anonymous_5)
FNDA:12,(anonymous_6)
FNDA:8,(anonymous_7)
FNDA:12,(anonymous_8)
FNDA:4,(anonymous_9)
FNDA:1,(anonymous_10)
FNDA:1,(anonymous_11)
FNDA:1,(anonymous_12)
FNDA:0,(anonymous_13)
DA:1,1
DA:2,1
DA:5,1
DA:6,1
DA:9,1
DA:16,1
DA:24,1
DA:25,8
DA:29,1
DA:30,12
DA:37,12
DA:38,27
DA:40,12
DA:41,4
DA:45,8
DA:46,0
DA:49,8
DA:50,0
DA:53,8
DA:54,2
DA:55,0
DA:57,2
DA:58,0
DA:62,8
DA:66,1
DA:67,4
DA:70,4
DA:71,4
DA:72,4
DA:73,4
DA:75,0
DA:80,4
DA:81,24
DA:82,24
DA:84,24
DA:85,4
DA:88,20
DA:89,20
DA:90,8
DA:92,12
DA:94,0
DA:99,4
DA:100,12
DA:101,12
DA:102,12
DA:103,4
DA:106,8
DA:107,8
DA:114,8
DA:115,8
DA:117,0
DA:118,0
DA:123,4
DA:124,8
DA:125,8
DA:127,8
DA:128,0
DA:131,8
DA:132,8
DA:133,4
DA:137,4
DA:138,0
DA:141,4
DA:148,4
DA:149,4
DA:151,0
DA:152,0
DA:157,4
DA:158,12
DA:159,12
DA:161,12
DA:162,0
DA:165,12
DA:166,12
DA:167,4
DA:170,8
DA:171,8
DA:176,0
DA:177,0
DA:181,4
DA:185,1
DA:186,1
DA:187,4
DA:191,1
DA:192,1
DA:201,1
DA:202,1
DA:210,1
DA:211,1
DA:213,1
DA:214,1
DA:217,0
DA:224,1
DA:225,0
DA:226,0
DA:227,0
DA:228,0
DA:229,0
DA:233,1
LF:99
LH:78
BRDA:37,0,0,12
BRDA:37,0,1,0
BRDA:40,1,0,4
BRDA:40,1,1,8
BRDA:45,2,0,0
BRDA:45,2,1,8
BRDA:45,3,0,8
BRDA:45,3,1,2
BRDA:45,3,2,2
BRDA:49,4,0,0
BRDA:49,4,1,8
BRDA:49,5,0,8
BRDA:49,5,1,4
BRDA:49,5,2,4
BRDA:53,6,0,2
BRDA:53,6,1,6
BRDA:54,7,0,0
BRDA:54,7,1,2
BRDA:57,8,0,0
BRDA:57,8,1,2
BRDA:84,9,0,4
BRDA:84,9,1,20
BRDA:84,10,0,24
BRDA:84,10,1,24
BRDA:84,10,2,20
BRDA:89,11,0,8
BRDA:89,11,1,12
BRDA:102,12,0,4
BRDA:102,12,1,8
BRDA:127,13,0,0
BRDA:127,13,1,8
BRDA:127,14,0,8
BRDA:127,14,1,8
BRDA:127,14,2,8
BRDA:132,15,0,4
BRDA:132,15,1,4
BRDA:137,16,0,0
BRDA:137,16,1,4
BRDA:161,17,0,0
BRDA:161,17,1,12
BRDA:161,18,0,12
BRDA:161,18,1,12
BRDA:161,18,2,12
BRDA:166,19,0,4
BRDA:166,19,1,8
BRDA:196,20,0,1
BRDA:196,20,1,0
BRDA:213,21,0,1
BRDA:213,21,1,0
BRDA:219,22,0,0
BRDA:219,22,1,0
BRDA:224,23,0,0
BRDA:224,23,1,1
BRDA:225,24,0,0
BRDA:225,24,1,0
BRF:55
BRH:40
end_of_record
